==33553== Memcheck, a memory error detector
==33553== Copyright (C) 2002-2017, and GNU GPL'd, by Julian Seward et al.
==33553== Using Valgrind-3.18.1 and LibVEX; rerun with -h for copyright info
==33553== Command: ./build/test.out exit 1
==33553== Parent PID: 33552
==33553== 
==33553== 
==33553== HEAP SUMMARY:
==33553==     in use at exit: 264 bytes in 2 blocks
==33553==   total heap usage: 266 allocs, 264 frees, 121,487 bytes allocated
==33553== 
==33553== LEAK SUMMARY:
==33553==    definitely lost: 0 bytes in 0 blocks
==33553==    indirectly lost: 0 bytes in 0 blocks
==33553==      possibly lost: 0 bytes in 0 blocks
==33553==    still reachable: 264 bytes in 2 blocks
==33553==         suppressed: 0 bytes in 0 blocks
==33553== Reachable blocks (those to which a pointer was found) are not shown.
==33553== To see them, rerun with: --leak-check=full --show-leak-kinds=all
==33553== 
==33553== For lists of detected and suppressed errors, rerun with: -s
==33553== ERROR SUMMARY: 0 errors from 0 contexts (suppressed: 0 from 0)
