Performing C SOURCE FILE Test CMAKE_HAVE_LIBC_PTHREAD failed with the following output:
Change Dir: /Hw/build/CMakeFiles/CMakeTmp

Run Build Command(s):/usr/bin/gmake cmTC_08e80/fast && gmake[1]: Entering directory '/Hw/build/CMakeFiles/CMakeTmp'
/usr/bin/gmake  -f CMakeFiles/cmTC_08e80.dir/build.make CMakeFiles/cmTC_08e80.dir/build
gmake[2]: Entering directory '/Hw/build/CMakeFiles/CMakeTmp'
Building C object CMakeFiles/cmTC_08e80.dir/src.c.o
/usr/bin/cc   -g -O0 -Wall -Wextra -Werror -Wpedantic -fprofile-arcs -ftest-coverage -Wlogical-op -Wredundant-decls -Wsign-conversion -Wcast-align -Wcast-qual -Wconversion -Wduplicated-branches -Wduplicated-cond -Wfloat-equal  -DCMAKE_HAVE_LIBC_PTHREAD -std=gnu99 -o CMakeFiles/cmTC_08e80.dir/src.c.o -c /Hw/build/CMakeFiles/CMakeTmp/src.c
Linking C executable cmTC_08e80
/usr/bin/cmake -E cmake_link_script CMakeFiles/cmTC_08e80.dir/link.txt --verbose=1
/usr/bin/cc -g -O0 -Wall -Wextra -Werror -Wpedantic -fprofile-arcs -ftest-coverage -Wlogical-op -Wredundant-decls -Wsign-conversion -Wcast-align -Wcast-qual -Wconversion -Wduplicated-branches -Wduplicated-cond -Wfloat-equal  -DCMAKE_HAVE_LIBC_PTHREAD CMakeFiles/cmTC_08e80.dir/src.c.o -o cmTC_08e80 
/usr/bin/ld: CMakeFiles/cmTC_08e80.dir/src.c.o: in function `main':
/Hw/build/CMakeFiles/CMakeTmp/src.c:11: undefined reference to `pthread_create'
/usr/bin/ld: /Hw/build/CMakeFiles/CMakeTmp/src.c:12: undefined reference to `pthread_detach'
/usr/bin/ld: /Hw/build/CMakeFiles/CMakeTmp/src.c:13: undefined reference to `pthread_cancel'
/usr/bin/ld: /Hw/build/CMakeFiles/CMakeTmp/src.c:14: undefined reference to `pthread_join'
collect2: error: ld returned 1 exit status
gmake[2]: *** [CMakeFiles/cmTC_08e80.dir/build.make:106: cmTC_08e80] Error 1
gmake[2]: Leaving directory '/Hw/build/CMakeFiles/CMakeTmp'
gmake[1]: *** [Makefile:140: cmTC_08e80/fast] Error 2
gmake[1]: Leaving directory '/Hw/build/CMakeFiles/CMakeTmp'


Source file was:
#include <pthread.h>

void* test_func(void* data)
{
  return data;
}

int main(void)
{
  pthread_t thread;
  pthread_create(&thread, NULL, test_func, NULL);
  pthread_detach(thread);
  pthread_cancel(thread);
  pthread_join(thread, NULL);
  pthread_atfork(NULL, NULL, NULL);
  pthread_exit(NULL);

  return 0;
}

Determining if the function pthread_create exists in the pthreads failed with the following output:
Change Dir: /Hw/build/CMakeFiles/CMakeTmp

Run Build Command(s):/usr/bin/gmake cmTC_75637/fast && gmake[1]: Entering directory '/Hw/build/CMakeFiles/CMakeTmp'
/usr/bin/gmake  -f CMakeFiles/cmTC_75637.dir/build.make CMakeFiles/cmTC_75637.dir/build
gmake[2]: Entering directory '/Hw/build/CMakeFiles/CMakeTmp'
Building C object CMakeFiles/cmTC_75637.dir/CheckFunctionExists.c.o
/usr/bin/cc   -g -O0 -Wall -Wextra -Werror -Wpedantic -fprofile-arcs -ftest-coverage -Wlogical-op -Wredundant-decls -Wsign-conversion -Wcast-align -Wcast-qual -Wconversion -Wduplicated-branches -Wduplicated-cond -Wfloat-equal  -DCHECK_FUNCTION_EXISTS=pthread_create -std=gnu99 -o CMakeFiles/cmTC_75637.dir/CheckFunctionExists.c.o -c /usr/share/cmake-3.18/Modules/CheckFunctionExists.c
Linking C executable cmTC_75637
/usr/bin/cmake -E cmake_link_script CMakeFiles/cmTC_75637.dir/link.txt --verbose=1
/usr/bin/cc -g -O0 -Wall -Wextra -Werror -Wpedantic -fprofile-arcs -ftest-coverage -Wlogical-op -Wredundant-decls -Wsign-conversion -Wcast-align -Wcast-qual -Wconversion -Wduplicated-branches -Wduplicated-cond -Wfloat-equal  -DCHECK_FUNCTION_EXISTS=pthread_create CMakeFiles/cmTC_75637.dir/CheckFunctionExists.c.o -o cmTC_75637  -lpthreads 
/usr/bin/ld: cannot find -lpthreads
collect2: error: ld returned 1 exit status
gmake[2]: *** [CMakeFiles/cmTC_75637.dir/build.make:106: cmTC_75637] Error 1
gmake[2]: Leaving directory '/Hw/build/CMakeFiles/CMakeTmp'
gmake[1]: *** [Makefile:140: cmTC_75637/fast] Error 2
gmake[1]: Leaving directory '/Hw/build/CMakeFiles/CMakeTmp'



